<?xml version="1.0" encoding="UTF-8"?>
<!-- Generated by org.testng.reporters.JUnitReportReporter -->
<testsuite skipped="0" hostname="DESKTOP-SUICRJO" name="testng.frameworktestng2.Annot2" tests="2" failures="0" timestamp="09 Nov 2018 06:58:14 GMT" time="0.004" errors="0">
  <testcase name="RunningFile2" time="0.002" classname="testng.frameworktestng2.Annot2"/>
  <testcase name="RunningFile" time="0.002" classname="testng.frameworktestng2.Annot2"/>
</testsuite> <!-- testng.frameworktestng2.Annot2 -->
