<?xml version="1.0" encoding="UTF-8"?>
<!-- Generated by org.testng.reporters.JUnitReportReporter -->
<testsuite skipped="0" hostname="DESKTOP-SUICRJO" name="testngfiles.Anotation" tests="3" failures="0" timestamp="09 Nov 2018 06:58:14 GMT" time="0.007" errors="0">
  <testcase name="C_Booking" time="0.002" classname="testngfiles.Anotation"/>
  <testcase name="B_BrowserOpen" time="0.003" classname="testngfiles.Anotation"/>
  <testcase name="A_PrintName" time="0.002" classname="testngfiles.Anotation"/>
</testsuite> <!-- testngfiles.Anotation -->
