<?xml version="1.0" encoding="UTF-8"?>
<!-- Generated by org.testng.reporters.JUnitReportReporter -->
<testsuite skipped="0" hostname="DESKTOP-SUICRJO" name="testngfiles.Annot2" tests="1" failures="0" timestamp="09 Nov 2018 06:58:14 GMT" time="0.004" errors="0">
  <testcase name="RunningFile" time="0.004" classname="testngfiles.Annot2"/>
</testsuite> <!-- testngfiles.Annot2 -->
