<?xml version="1.0" encoding="UTF-8"?>
<!-- Generated by org.testng.reporters.JUnitReportReporter -->
<testsuite skipped="0" hostname="DESKTOP-SUICRJO" name="testng.PraticeOnTestNgWithPageobjectModel.ApiDemoExtendsMainPage" tests="1" failures="0" timestamp="12 Nov 2018 09:41:15 GMT" time="9.581" errors="0">
  <testcase name="test" time="9.581" classname="testng.PraticeOnTestNgWithPageobjectModel.ApiDemoExtendsMainPage"/>
</testsuite> <!-- testng.PraticeOnTestNgWithPageobjectModel.ApiDemoExtendsMainPage -->
