<?xml version="1.0" encoding="UTF-8"?>
<!-- Generated by org.testng.reporters.JUnitReportReporter -->
<testsuite skipped="0" hostname="DESKTOP-SUICRJO" name="testng.AppiumWithtestNgMaven.AppTest" tests="1" failures="0" timestamp="12 Nov 2018 03:55:13 GMT" time="26.104" errors="0">
  <testcase name="A_Paytm" time="26.104" classname="testng.AppiumWithtestNgMaven.AppTest"/>
</testsuite> <!-- testng.AppiumWithtestNgMaven.AppTest -->
